1000000 32
1000000 32
Start writing thread.............
Start writing thread.............
Start writing thread.............
End writing thread 1 ..............0.591056
End writing thread 2 ..............0.625317
End writing thread 0 ..............0.660868
Building shards costs: 6.86985
Update graph costs: 0.076183
Update graph costs: 0.082664
No. 0 mergers cost: 4.52349
No. 0 avg. cost: 2.26174


Update graph costs: 0.079582
No. 1 mergers cost: 2.32428
No. 1 avg. cost: 2.32428



========================================
TIMING RESULTS (HDD-based version):
========================================
Total HDD time: 2.97102 seconds
Total Building time: 6.86985 seconds
Total Merge time: 8.32523 seconds
Total ANNS time: 17.2216 seconds
========================================

Timing results saved to ../results/1000000_k32_s3.txt
