1000000 32
1000000 32
Start writing thread.............
Start writing thread.............
Start writing thread.............
End writing thread 1 ..............0.206797
End writing thread 0 ..............0.201498
End writing thread 2 ..............0.209309
Start writing thread.............
Start writing thread.............
Start writing thread.............
End writing thread 4 ..............0.198815
End writing thread 3 ..............0.205253
End writing thread 5 ..............0.212451
Start writing thread.............
Start writing thread.............
Start writing thread.............
End writing thread 7 ..............0.202437
End writing thread 8 ..............0.205326
End writing thread 6 ..............0.206094
Building shards costs: 3.34556
Update graph costs: 0.024321
Update graph costs: 0.026788
Update graph costs: 0.024723
Update graph costs: 0.029006
Update graph costs: 0.026693
Update graph costs: 0.02757
Update graph costs: 0.029337
Update graph costs: 0.028288
Update graph costs: 0.027484
Update graph costs: 0.028825
Update graph costs: 0.023742
Update graph costs: 0.028674
Update graph costs: 0.027962
Update graph costs: 0.024906
Update graph costs: 0.033396
No. 0 mergers cost: 5.64094
No. 0 avg. cost: 0.705117


Update graph costs: 0.027944
Update graph costs: 0.02548
Update graph costs: 0.027854
No. 1 mergers cost: 4.49107
No. 1 avg. cost: 0.641581


Update graph costs: 0.025001
Update graph costs: 0.024901
Update graph costs: 0.024652
No. 2 mergers cost: 4.10027
No. 2 avg. cost: 0.683379


Update graph costs: 0.025838
Update graph costs: 0.02677
Update graph costs: 0.025767
Update graph costs: 0.026481
Update graph costs: 0.028335
Update graph costs: 0.026689
Update graph costs: 0.027737
No. 3 mergers cost: 3.37791
No. 3 avg. cost: 0.675581


Update graph costs: 0.026118
Update graph costs: 0.025445
Update graph costs: 0.026173
No. 4 mergers cost: 2.7004
No. 4 avg. cost: 0.675099


Update graph costs: 0.023981
Update graph costs: 0.024563
No. 5 mergers cost: 1.97919
No. 5 avg. cost: 0.659729


Update graph costs: 0.025347
Update graph costs: 0.026042
No. 6 mergers cost: 1.30265
No. 6 avg. cost: 0.651325


Update graph costs: 0.024728
No. 7 mergers cost: 0.7314
No. 7 avg. cost: 0.7314



========================================
TIMING RESULTS (HDD-based version):
========================================
Total HDD time: 5.42282 seconds
Total Building time: 3.34556 seconds
Total Merge time: 22.8996 seconds
Total ANNS time: 28.265 seconds
========================================

Timing results saved to ../results/1000000_k32_s9.txt
