✓ CUDA toolkit loaded successfully
nvcc: NVIDIA (R) Cuda compiler driver
✓ Cray MPICH loaded successfully
Environment setup complete!
=========================================
Starting NON-DETERMINISTIC NO-HDD FULL execution (build + merge in memory)
Starting execution at: Wed Jan 28 09:22:59 PM UTC 2026
=========================================
SHARDS SET TO 3.
N SET TO 10000000.
MODE SET TO full.
Setting up db_size = 10000000
GPU 0: db_size = 10000000
GPU 1: db_size = 10000000
GPU 2: db_size = 10000000
Loading data from: ../data/vectors.fvecs
Loading all vector data into memory (parallel mode)...
Loading shard 0: position=0, count=3333333
Loading shard 1: position=3333333, count=3333333
Loading shard 2: position=6666666, count=3333334
Successfully loaded shard 2
Successfully loaded shard 0
Successfully loaded shard 1
All vector data loaded successfully (parallel)
Successfully loaded 10000000 vectors of dimension 12 into 3 shards
Data path: ../data/vectors
Total vecs num: 10000000
Shards num: 3
Max vecs num. per shard: 10000000
Vecs num. per shard: 3333333
Vecs num. of last shard: 3333334
Vector data loaded for 3 shards
Local KNN graphs stored for 0 shards
Global KNN graphs stored for 0 shards
-> 10000000
Iniciou?GPU 0 is activated
GPU 1 is activated
GPU 2 is activated
Building No. 2
Building No. 1
Building No. 0
End building No.1 in 2.43289 seconds
End building No.0 in 2.47097 seconds
End building No.2 in 2.50802 seconds
Stored local KNN graph for shard 1
Stored global KNN graph for shard 1
Stored local KNN graph for shard 0
Stored global KNN graph for shard 0
Stored local KNN graph for shard 2
Stored global KNN graph for shard 2

Iniciando o merge
Shard 0 foi ativado e ira comecar
END para 0 -> 22554494076896 

Shard 0 foi read e ira comecar
Merge costs: J = 1 I = 0 13.0215
Merge costs: J = 2 I = 0 12.8478
All merges completed in main loop - skipping final merge
Writing final merged KNN graphs to disk...
Writing all global KNN graphs to file: ../results/NNDescent-KNNG.kgraph
Na hora de criar o grafo: NUM: 10000000 e DIM = 32
SIZET = 2640000000
Writing shard 0 to position 0 with 3333333 vectors
Writing shard 1 to position 3333333 with 3333333 vectors
Writing shard 2 to position 6666666 with 3333334 vectors
Successfully wrote all global KNN graphs to file
Final merged graphs written to: ../results/NNDescent-KNNG.kgraph
Time cost = 38.735699 
=========================================
Execution finished at: Wed Jan 28 09:24:22 PM UTC 2026
Total time elapsed: 1 minutes 23 seconds
=========================================
