Building shards costs: 0.820519
Update graph costs: 0.003756
Update graph costs: 0.003657
Update graph costs: 0.004155
Update graph costs: 0.003867
Update graph costs: 0.003628
Update graph costs: 0.004017
Update graph costs: 0.003326
Update graph costs: 0.003673
Update graph costs: 0.003863
Update graph costs: 0.003644
Update graph costs: 0.003361
Update graph costs: 0.00399
Update graph costs: 0.003301
Update graph costs: 0.003704
Update graph costs: 0.003629
Update graph costs: 0.003313
Update graph costs: 0.003613
Update graph costs: 0.003332
Update graph costs: 0.004002
Update graph costs: 0.003682
Update graph costs: 0.003627
Update graph costs: 0.003354
Update graph costs: 0.003642
Update graph costs: 0.003307
Update graph costs: 0.003795
Update graph costs: 0.00414
Update graph costs: 0.003724
Update graph costs: 0.003271
Update graph costs: 0.004037
Update graph costs: 0.003303
Update graph costs: 0.003647
Update graph costs: 0.003629
Update graph costs: 0.003775
Update graph costs: 0.003723
Update graph costs: 0.00371
Update graph costs: 0.003692
Update graph costs: 0.003288
Update graph costs: 0.003372
Update graph costs: 0.004008
Update graph costs: 0.003828
Update graph costs: 0.003312
Update graph costs: 0.004924
Update graph costs: 0.004901
Update graph costs: 0.003274
Update graph costs: 0.003352
Update graph costs: 0.003695
Update graph costs: 0.003311
Update graph costs: 0.00342
Update graph costs: 0.003661
Update graph costs: 0.004432
Update graph costs: 0.00411
Update graph costs: 0.00334
Update graph costs: 0.003636
Update graph costs: 0.003302
Update graph costs: 0.00329
Update graph costs: 0.003449
Update graph costs: 0.003668
Update graph costs: 0.003659
Update graph costs: 0.003713
Update graph costs: 0.003282
Update graph costs: 0.004016
Update graph costs: 0.00344
Update graph costs: 0.00329
Update graph costs: 0.003318
No. 1 mergers cost: 6.37214
No. 1 avg. cost: 0.254885


Update graph costs: 0.003639
Update graph costs: 0.003669
Update graph costs: 0.003643
No. 0 mergers cost: 8.71025
No. 0 avg. cost: 0.33501


Update graph costs: 0.00329
Update graph costs: 0.003305
Update graph costs: 0.003667
Update graph costs: 0.003337
Update graph costs: 0.003285
Update graph costs: 0.003655
Update graph costs: 0.00328
Update graph costs: 0.003292
No. 2 mergers cost: 6.78804
No. 2 avg. cost: 0.282835


Update graph costs: 0.003885
Update graph costs: 0.003824
Update graph costs: 0.004177
Update graph costs: 0.003801
Update graph costs: 0.003809
Update graph costs: 0.004166
Update graph costs: 0.003773
Update graph costs: 0.003783
Update graph costs: 0.003315
Update graph costs: 0.004158
Update graph costs: 0.003712
Update graph costs: 0.003788
Update graph costs: 0.004226
Update graph costs: 0.003322
Update graph costs: 0.004209
Update graph costs: 0.003781
Update graph costs: 0.003358
Update graph costs: 0.003798
Update graph costs: 0.003702
Update graph costs: 0.004158
Update graph costs: 0.003367
Update graph costs: 0.003852
Update graph costs: 0.003605
Update graph costs: 0.003828
Update graph costs: 0.003343
Update graph costs: 0.003718
Update graph costs: 0.004589
Update graph costs: 0.003714
Update graph costs: 0.003284
Update graph costs: 0.003777
Update graph costs: 0.00382
Update graph costs: 0.003334
Update graph costs: 0.003804
Update graph costs: 0.003271
Update graph costs: 0.003779
Update graph costs: 0.004149
Update graph costs: 0.003302
Update graph costs: 0.003743
Update graph costs: 0.003782
Update graph costs: 0.00367
Update graph costs: 0.003802
No. 3 mergers cost: 6.11833
No. 3 avg. cost: 0.266014


Update graph costs: 0.003329
Update graph costs: 0.003337
Update graph costs: 0.003292
Update graph costs: 0.003319
Update graph costs: 0.003661
Update graph costs: 0.003721
Update graph costs: 0.003273
Update graph costs: 0.003375
Update graph costs: 0.003285
Update graph costs: 0.003665
Update graph costs: 0.003432
Update graph costs: 0.003292
Update graph costs: 0.004127
Update graph costs: 0.003304
Update graph costs: 0.003324
Update graph costs: 0.003669
Update graph costs: 0.003303
Update graph costs: 0.003492
Update graph costs: 0.003277
Update graph costs: 0.003713
Update graph costs: 0.00363
Update graph costs: 0.003356
Update graph costs: 0.003273
Update graph costs: 0.003357
No. 4 mergers cost: 7.72761
No. 4 avg. cost: 0.351255


Update graph costs: 0.003283
No. 5 mergers cost: 5.77829
No. 5 avg. cost: 0.275156


Update graph costs: 0.003577
Update graph costs: 0.003618
Update graph costs: 0.00398
Update graph costs: 0.003613
Update graph costs: 0.003615
Update graph costs: 0.004007
Update graph costs: 0.003267
Update graph costs: 0.003627
Update graph costs: 0.003628
Update graph costs: 0.004052
Update graph costs: 0.003298
Update graph costs: 0.004042
Update graph costs: 0.003597
Update graph costs: 0.003191
Update graph costs: 0.003664
Update graph costs: 0.00361
Update graph costs: 0.003983
Update graph costs: 0.003275
Update graph costs: 0.003754
Update graph costs: 0.003695
Update graph costs: 0.003712
Update graph costs: 0.003272
Update graph costs: 0.004476
Update graph costs: 0.004862
Update graph costs: 0.003314
Update graph costs: 0.004433
Update graph costs: 0.003299
Update graph costs: 0.003634
Update graph costs: 0.003261
Update graph costs: 0.003626
Update graph costs: 0.003361
Update graph costs: 0.003664
Update graph costs: 0.003286
Update graph costs: 0.003659
Update graph costs: 0.003667
Update graph costs: 0.003325
Update graph costs: 0.00401
Update graph costs: 0.003278
Update graph costs: 0.003398
Update graph costs: 0.003623
Update graph costs: 0.003283
Update graph costs: 0.004076
Update graph costs: 0.00363
No. 6 mergers cost: 7.06704
No. 6 avg. cost: 0.353352


Update graph costs: 0.003661
Update graph costs: 0.003271
Update graph costs: 0.00328
Update graph costs: 0.003347
Update graph costs: 0.003301
Update graph costs: 0.003672
Update graph costs: 0.003669
Update graph costs: 0.003312
Update graph costs: 0.003289
Update graph costs: 0.003266
No. 7 mergers cost: 6.93071
No. 7 avg. cost: 0.364774


Update graph costs: 0.003275
Update graph costs: 0.003648
Update graph costs: 0.003269
Update graph costs: 0.003292
No. 8 mergers cost: 5.98526
No. 8 avg. cost: 0.332514


Update graph costs: 0.003584
Update graph costs: 0.003626
Update graph costs: 0.004001
Update graph costs: 0.003603
Update graph costs: 0.004064
Update graph costs: 0.004054
Update graph costs: 0.003615
Update graph costs: 0.003634
Update graph costs: 0.003251
Update graph costs: 0.003999
Update graph costs: 0.003699
Update graph costs: 0.003611
Update graph costs: 0.003686
Update graph costs: 0.003254
Update graph costs: 0.004422
Update graph costs: 0.003714
Update graph costs: 0.003621
Update graph costs: 0.003703
Update graph costs: 0.003634
Update graph costs: 0.004009
Update graph costs: 0.003326
Update graph costs: 0.003623
Update graph costs: 0.003632
Update graph costs: 0.003291
Update graph costs: 0.003364
Update graph costs: 0.003632
No. 9 mergers cost: 4.77141
No. 9 avg. cost: 0.280671


Update graph costs: 0.00331
Update graph costs: 0.003681
Update graph costs: 0.003684
Update graph costs: 0.003333
Update graph costs: 0.0033
Update graph costs: 0.00338
Update graph costs: 0.003314
Update graph costs: 0.003673
Update graph costs: 0.00407
Update graph costs: 0.003324
Update graph costs: 0.003284
Update graph costs: 0.003323
Update graph costs: 0.003686
Update graph costs: 0.003433
Update graph costs: 0.003855
Update graph costs: 0.004208
Update graph costs: 0.003315
Update graph costs: 0.003319
Update graph costs: 0.003658
Update graph costs: 0.003308
No. 10 mergers cost: 6.25019
No. 10 avg. cost: 0.390637


Update graph costs: 0.003295
Update graph costs: 0.003303
No. 11 mergers cost: 4.72663
No. 11 avg. cost: 0.315109


Update graph costs: 0.0036
Update graph costs: 0.004066
Update graph costs: 0.004036
Update graph costs: 0.00367
Update graph costs: 0.003627
Update graph costs: 0.003992
Update graph costs: 0.003668
Update graph costs: 0.003721
Update graph costs: 0.003649
Update graph costs: 0.004401
Update graph costs: 0.003658
Update graph costs: 0.003628
Update graph costs: 0.003254
Update graph costs: 0.003694
Update graph costs: 0.003242
Update graph costs: 0.003999
Update graph costs: 0.003659
Update graph costs: 0.003658
Update graph costs: 0.003304
Update graph costs: 0.003642
No. 12 mergers cost: 4.12642
No. 12 avg. cost: 0.294744


Update graph costs: 0.003612
Update graph costs: 0.003318
Update graph costs: 0.003279
Update graph costs: 0.004048
Update graph costs: 0.003284
Update graph costs: 0.003652
Update graph costs: 0.003254
Update graph costs: 0.003306
Update graph costs: 0.003285
Update graph costs: 0.003308
Update graph costs: 0.003663
Update graph costs: 0.003673
Update graph costs: 0.003309
Update graph costs: 0.003252
Update graph costs: 0.0033
Update graph costs: 0.003272
No. 13 mergers cost: 4.72143
No. 13 avg. cost: 0.363187


Update graph costs: 0.003659
Update graph costs: 0.003291
Update graph costs: 0.003312
No. 14 mergers cost: 3.54859
No. 14 avg. cost: 0.295716


Update graph costs: 0.003666
Update graph costs: 0.003681
Update graph costs: 0.004038
Update graph costs: 0.003722
Update graph costs: 0.003733
Update graph costs: 0.004448
Update graph costs: 0.00365
Update graph costs: 0.00369
Update graph costs: 0.003251
Update graph costs: 0.004026
Update graph costs: 0.003678
Update graph costs: 0.003649
Update graph costs: 0.003331
Update graph costs: 0.003662
No. 15 mergers cost: 3.01037
No. 15 avg. cost: 0.27367


Update graph costs: 0.0034
Update graph costs: 0.004079
Update graph costs: 0.003284
Update graph costs: 0.004347
Update graph costs: 0.004649
Update graph costs: 0.003679
Update graph costs: 0.003269
Update graph costs: 0.003401
Update graph costs: 0.003615
Update graph costs: 0.003308
No. 16 mergers cost: 3.28907
No. 16 avg. cost: 0.328907


Update graph costs: 0.00368
Update graph costs: 0.003291
Update graph costs: 0.003278
Update graph costs: 0.003664
Update graph costs: 0.003282
Update graph costs: 0.003273
No. 17 mergers cost: 2.99337
No. 17 avg. cost: 0.332597


Update graph costs: 0.003658
Update graph costs: 0.003674
Update graph costs: 0.00441
Update graph costs: 0.003614
Update graph costs: 0.003632
Update graph costs: 0.003998
Update graph costs: 0.00362
Update graph costs: 0.003637
No. 18 mergers cost: 2.3165
No. 18 avg. cost: 0.289563


Update graph costs: 0.003384
Update graph costs: 0.004117
Update graph costs: 0.0033
Update graph costs: 0.003377
Update graph costs: 0.003716
Update graph costs: 0.003306
Update graph costs: 0.003644
Update graph costs: 0.003328
No. 19 mergers cost: 2.55852
No. 19 avg. cost: 0.365502


Update graph costs: 0.003301
Update graph costs: 0.003312
Update graph costs: 0.00367
Update graph costs: 0.003299
Update graph costs: 0.003305
No. 20 mergers cost: 1.99806
No. 20 avg. cost: 0.333011


Update graph costs: 0.003998
Update graph costs: 0.004037
Update graph costs: 0.00443
Update graph costs: 0.004017
Update graph costs: 0.004058
No. 21 mergers cost: 1.71344
No. 21 avg. cost: 0.342688


Update graph costs: 0.003253
Update graph costs: 0.00364
Update graph costs: 0.003258
Update graph costs: 0.003262
No. 22 mergers cost: 1.66523
No. 22 avg. cost: 0.416307


Update graph costs: 0.003646
Update graph costs: 0.003273
Update graph costs: 0.00326
No. 23 mergers cost: 1.05823
No. 23 avg. cost: 0.352744


Update graph costs: 0.003589
Update graph costs: 0.003634
No. 24 mergers cost: 0.6682
No. 24 avg. cost: 0.3341


Update graph costs: 0.003218
No. 25 mergers cost: 0.379595
No. 25 avg. cost: 0.379595


1000000 32
Total time cost: 82.6796 seconds

========================================
TIMING RESULTS (No-HDD version):
========================================
Total HDD time: 0 seconds
Total Building time: 0.820519 seconds
Total Merge time: 79.2636 seconds
Total ANNS time: 82.6796 seconds
========================================

Timing results saved to ../results/1000000_k32_s27_NoHDD.txt
