Building shards costs: 0.708193
Update graph costs: 0.004102
Update graph costs: 0.003989
Update graph costs: 0.004419
Update graph costs: 0.003977
Update graph costs: 0.003993
Update graph costs: 0.004414
Update graph costs: 0.003636
Update graph costs: 0.004564
Update graph costs: 0.004049
Update graph costs: 0.003998
Update graph costs: 0.00366
Update graph costs: 0.004415
Update graph costs: 0.003671
Update graph costs: 0.004001
Update graph costs: 0.004043
Update graph costs: 0.004089
Update graph costs: 0.003696
Update graph costs: 0.004437
Update graph costs: 0.004111
Update graph costs: 0.00366
Update graph costs: 0.003985
Update graph costs: 0.00377
Update graph costs: 0.004083
Update graph costs: 0.004104
Update graph costs: 0.003771
Update graph costs: 0.003674
Update graph costs: 0.004427
Update graph costs: 0.004137
Update graph costs: 0.004636
Update graph costs: 0.003673
Update graph costs: 0.00376
Update graph costs: 0.003994
Update graph costs: 0.004068
Update graph costs: 0.003763
Update graph costs: 0.004434
Update graph costs: 0.018274
Update graph costs: 0.004156
Update graph costs: 0.003705
Update graph costs: 0.004018
Update graph costs: 0.004362
Update graph costs: 0.004
Update graph costs: 0.005084
Update graph costs: 0.00377
Update graph costs: 0.003662
Update graph costs: 0.004413
Update graph costs: 0.004152
Update graph costs: 0.003635
Update graph costs: 0.004134
Update graph costs: 0.003835
Update graph costs: 0.00409
Update graph costs: 0.004027
No. 0 mergers cost: 8.11486
No. 0 avg. cost: 0.35282


Update graph costs: 0.003857
Update graph costs: 0.003664
Update graph costs: 0.004153
Update graph costs: 0.003679
Update graph costs: 0.003851
Update graph costs: 0.004625
Update graph costs: 0.004788
Update graph costs: 0.004312
Update graph costs: 0.004274
Update graph costs: 0.003673
No. 1 mergers cost: 7.81776
No. 1 avg. cost: 0.355353


Update graph costs: 0.003878
Update graph costs: 0.00375
Update graph costs: 0.004118
Update graph costs: 0.003768
Update graph costs: 0.003785
No. 2 mergers cost: 7.14509
No. 2 avg. cost: 0.340242


Update graph costs: 0.00396
Update graph costs: 0.003985
Update graph costs: 0.0044
Update graph costs: 0.004572
Update graph costs: 0.004
Update graph costs: 0.004431
Update graph costs: 0.003621
Update graph costs: 0.004015
Update graph costs: 0.00405
Update graph costs: 0.004009
Update graph costs: 0.003656
Update graph costs: 0.004422
Update graph costs: 0.003659
Update graph costs: 0.004
Update graph costs: 0.004071
Update graph costs: 0.004005
Update graph costs: 0.003662
Update graph costs: 0.004533
Update graph costs: 0.004587
Update graph costs: 0.003663
Update graph costs: 0.003697
Update graph costs: 0.004579
Update graph costs: 0.00408
Update graph costs: 0.003692
Update graph costs: 0.003992
Update graph costs: 0.019365
Update graph costs: 0.004092
Update graph costs: 0.004446
Update graph costs: 0.003661
Update graph costs: 0.004284
Update graph costs: 0.004002
Update graph costs: 0.004069
Update graph costs: 0.003678
Update graph costs: 0.003997
Update graph costs: 0.003654
Update graph costs: 0.004101
Update graph costs: 0.004413
Update graph costs: 0.003655
Update graph costs: 0.00378
Update graph costs: 0.004077
Update graph costs: 0.004077
Update graph costs: 0.003788
Update graph costs: 0.003983
No. 3 mergers cost: 7.2771
No. 3 avg. cost: 0.363855


Update graph costs: 0.00368
Update graph costs: 0.004075
Update graph costs: 0.003666
Update graph costs: 0.003762
Update graph costs: 0.004087
Update graph costs: 0.003687
Update graph costs: 0.004311
Update graph costs: 0.004218
Update graph costs: 0.003665
No. 4 mergers cost: 6.74225
No. 4 avg. cost: 0.354855


Update graph costs: 0.003815
Update graph costs: 0.003685
Update graph costs: 0.004083
Update graph costs: 0.003699
Update graph costs: 0.00371
No. 5 mergers cost: 6.09071
No. 5 avg. cost: 0.338373


Update graph costs: 0.004552
Update graph costs: 0.003999
Update graph costs: 0.004428
Update graph costs: 0.004006
Update graph costs: 0.003997
Update graph costs: 0.003624
Update graph costs: 0.004454
Update graph costs: 0.004078
Update graph costs: 0.004005
Update graph costs: 0.003689
Update graph costs: 0.004001
Update graph costs: 0.003686
Update graph costs: 0.004409
Update graph costs: 0.004086
Update graph costs: 0.004588
Update graph costs: 0.018214
Update graph costs: 0.003699
Update graph costs: 0.004016
Update graph costs: 0.004121
Update graph costs: 0.00408
Update graph costs: 0.004453
Update graph costs: 0.003674
Update graph costs: 0.004269
Update graph costs: 0.004002
Update graph costs: 0.004
Update graph costs: 0.003704
Update graph costs: 0.004083
Update graph costs: 0.004002
Update graph costs: 0.004126
Update graph costs: 0.003683
Update graph costs: 0.003782
Update graph costs: 0.004411
Update graph costs: 0.003834
Update graph costs: 0.003685
Update graph costs: 0.004077
Update graph costs: 0.004069
Update graph costs: 0.004102
Update graph costs: 0.004326
Update graph costs: 0.003765
Update graph costs: 0.004008
No. 6 mergers cost: 6.31708
No. 6 avg. cost: 0.371593


Update graph costs: 0.003705
Update graph costs: 0.003693
No. 7 mergers cost: 4.56022
No. 7 avg. cost: 0.285014


Update graph costs: 0.004238
Update graph costs: 0.003778
Update graph costs: 0.003711
Update graph costs: 0.004099
Update graph costs: 0.003712
Update graph costs: 0.003749
No. 8 mergers cost: 4.15992
No. 8 avg. cost: 0.277328


Update graph costs: 0.003975
Update graph costs: 0.004014
Update graph costs: 0.00444
Update graph costs: 0.005322
Update graph costs: 0.004001
Update graph costs: 0.00441
Update graph costs: 0.003631
Update graph costs: 0.004582
Update graph costs: 0.004091
Update graph costs: 0.00396
Update graph costs: 0.018182
Update graph costs: 0.004425
Update graph costs: 0.003679
Update graph costs: 0.003988
Update graph costs: 0.004096
Update graph costs: 0.004005
Update graph costs: 0.00445
Update graph costs: 0.004006
Update graph costs: 0.004424
Update graph costs: 0.003665
Update graph costs: 0.00375
Update graph costs: 0.004069
Update graph costs: 0.004125
Update graph costs: 0.003775
Update graph costs: 0.004015
No. 9 mergers cost: 5.16553
No. 9 avg. cost: 0.368967


Update graph costs: 0.004074
Update graph costs: 0.003644
Update graph costs: 0.003749
Update graph costs: 0.003673
Update graph costs: 0.003678
Update graph costs: 0.004091
Update graph costs: 0.004201
Update graph costs: 0.004318
Update graph costs: 0.00378
Update graph costs: 0.003675
No. 10 mergers cost: 4.75126
No. 10 avg. cost: 0.365482


Update graph costs: 0.003671
Update graph costs: 0.004042
Update graph costs: 0.003676
Update graph costs: 0.003706
No. 11 mergers cost: 3.87688
No. 11 avg. cost: 0.323073


Update graph costs: 0.003937
Update graph costs: 0.003985
Update graph costs: 0.004429
Update graph costs: 0.004577
Update graph costs: 0.00398
Update graph costs: 0.004437
Update graph costs: 0.003991
Update graph costs: 0.004104
Update graph costs: 0.003994
Update graph costs: 0.004584
Update graph costs: 0.004407
Update graph costs: 0.004148
Update graph costs: 0.004073
Update graph costs: 0.004149
Update graph costs: 0.00399
No. 12 mergers cost: 3.3057
No. 12 avg. cost: 0.300518


Update graph costs: 0.004574
Update graph costs: 0.004161
Update graph costs: 0.004151
Update graph costs: 0.004588
Update graph costs: 0.004146
Update graph costs: 0.004829
Update graph costs: 0.003849
Update graph costs: 0.004168
No. 13 mergers cost: 2.8216
No. 13 avg. cost: 0.28216


Update graph costs: 0.003792
Update graph costs: 0.004311
Update graph costs: 0.00388
Update graph costs: 0.003766
Update graph costs: 0.00414
Update graph costs: 0.003782
Update graph costs: 0.003818
No. 14 mergers cost: 2.6222
No. 14 avg. cost: 0.291356


Update graph costs: 0.004532
Update graph costs: 0.003974
Update graph costs: 0.004434
Update graph costs: 0.003971
Update graph costs: 0.003986
Update graph costs: 0.004411
Update graph costs: 0.003603
Update graph costs: 0.004053
Update graph costs: 0.00409
Update graph costs: 0.00399
No. 15 mergers cost: 2.77623
No. 15 avg. cost: 0.347028


Update graph costs: 0.003656
Update graph costs: 0.003684
Update graph costs: 0.004072
Update graph costs: 0.004296
Update graph costs: 0.003663
No. 16 mergers cost: 2.05957
No. 16 avg. cost: 0.294225


Update graph costs: 0.004181
Update graph costs: 0.003778
Update graph costs: 0.003676
Update graph costs: 0.004064
Update graph costs: 0.003683
Update graph costs: 0.003716
No. 17 mergers cost: 1.72856
No. 17 avg. cost: 0.288093


Update graph costs: 0.003941
Update graph costs: 0.004005
Update graph costs: 0.004417
Update graph costs: 0.004078
Update graph costs: 0.003996
No. 18 mergers cost: 1.70956
No. 18 avg. cost: 0.341911


Update graph costs: 0.003585
Update graph costs: 0.004057
Update graph costs: 0.004299
Update graph costs: 0.003631
No. 19 mergers cost: 1.51442
No. 19 avg. cost: 0.378606


Update graph costs: 0.004017
Update graph costs: 0.003665
Update graph costs: 0.003705
No. 20 mergers cost: 0.904918
No. 20 avg. cost: 0.301639


Update graph costs: 0.004076
Update graph costs: 0.003996
No. 21 mergers cost: 0.66437
No. 21 avg. cost: 0.332185


Update graph costs: 0.003666
No. 22 mergers cost: 0.359012
No. 22 avg. cost: 0.359012


1000000 32
Total time cost: 71.4836 seconds

========================================
TIMING RESULTS (No-HDD version):
========================================
Total HDD time: 0 seconds
Total Building time: 0.708193 seconds
Total Merge time: 67.9892 seconds
Total ANNS time: 71.4836 seconds
========================================

Timing results saved to ../results/1000000_k32_s24_NoHDD.txt
