Building shards costs: 0.605677
Update graph costs: 0.005243
Update graph costs: 0.005365
Update graph costs: 0.006547
Update graph costs: 0.005398
Update graph costs: 0.005386
Update graph costs: 0.005986
Update graph costs: 0.004945
Update graph costs: 0.006305
Update graph costs: 0.006423
Update graph costs: 0.004852
Update graph costs: 0.005381
Update graph costs: 0.006473
Update graph costs: 0.004957
Update graph costs: 0.006341
Update graph costs: 0.007374
Update graph costs: 0.005943
Update graph costs: 0.006333
Update graph costs: 0.00541
Update graph costs: 0.004837
Update graph costs: 0.005936
Update graph costs: 0.004796
Update graph costs: 0.005415
Update graph costs: 0.005421
Update graph costs: 0.004799
Update graph costs: 0.004854
Update graph costs: 0.005511
Update graph costs: 0.004841
Update graph costs: 0.005436
Update graph costs: 0.00482
Update graph costs: 0.005954
Update graph costs: 0.005429
Update graph costs: 0.005443
Update graph costs: 0.005345
Update graph costs: 0.005454
Update graph costs: 0.004846
Update graph costs: 0.004895
Update graph costs: 0.005422
No. 0 mergers cost: 6.42135
No. 0 avg. cost: 0.377727


Update graph costs: 0.004887
Update graph costs: 0.004789
Update graph costs: 0.005418
Update graph costs: 0.005935
Update graph costs: 0.004845
Update graph costs: 0.004821
Update graph costs: 0.004846
No. 1 mergers cost: 5.45509
No. 1 avg. cost: 0.340943


Update graph costs: 0.004796
Update graph costs: 0.005385
Update graph costs: 0.004776
Update graph costs: 0.004802
No. 2 mergers cost: 4.38094
No. 2 avg. cost: 0.292063


Update graph costs: 0.00603
Update graph costs: 0.005976
Update graph costs: 0.006543
Update graph costs: 0.005977
Update graph costs: 0.005991
Update graph costs: 0.007022
Update graph costs: 0.006023
Update graph costs: 0.004915
Update graph costs: 0.005991
Update graph costs: 0.005381
Update graph costs: 0.006549
Update graph costs: 0.004902
Update graph costs: 0.006001
Update graph costs: 0.004805
Update graph costs: 0.006013
Update graph costs: 0.005408
Update graph costs: 0.006555
Update graph costs: 0.004814
Update graph costs: 0.005989
Update graph costs: 0.005292
Update graph costs: 0.00533
Update graph costs: 0.00599
No. 3 mergers cost: 4.69281
No. 3 avg. cost: 0.335201


Update graph costs: 0.005391
Update graph costs: 0.004778
Update graph costs: 0.004829
Update graph costs: 0.005419
Update graph costs: 0.004851
Update graph costs: 0.005392
Update graph costs: 0.005383
Update graph costs: 0.00488
Update graph costs: 0.004909
Update graph costs: 0.004808
Update graph costs: 0.004823
No. 4 mergers cost: 4.55032
No. 4 avg. cost: 0.350024


Update graph costs: 0.005923
Update graph costs: 0.004776
Update graph costs: 0.004793
Update graph costs: 0.00538
Update graph costs: 0.004801
Update graph costs: 0.004798
No. 5 mergers cost: 5.21932
No. 5 avg. cost: 0.434944


Update graph costs: 0.006249
Update graph costs: 0.005379
Update graph costs: 0.006442
Update graph costs: 0.005391
Update graph costs: 0.005351
Update graph costs: 0.005918
Update graph costs: 0.006734
Update graph costs: 0.007419
Update graph costs: 0.005812
Update graph costs: 0.00536
Update graph costs: 0.004973
Update graph costs: 0.005924
Update graph costs: 0.004926
Update graph costs: 0.005363
Update graph costs: 0.005447
Update graph costs: 0.00537
No. 6 mergers cost: 3.73903
No. 6 avg. cost: 0.339912


Update graph costs: 0.004881
Update graph costs: 0.006074
Update graph costs: 0.004916
Update graph costs: 0.005493
Update graph costs: 0.005498
Update graph costs: 0.005396
Update graph costs: 0.004949
Update graph costs: 0.004922
No. 7 mergers cost: 3.4209
No. 7 avg. cost: 0.34209


Update graph costs: 0.006545
Update graph costs: 0.005412
Update graph costs: 0.005383
Update graph costs: 0.006004
Update graph costs: 0.005397
Update graph costs: 0.005392
No. 8 mergers cost: 3.38259
No. 8 avg. cost: 0.375843


Update graph costs: 0.005898
Update graph costs: 0.00589
Update graph costs: 0.006436
Update graph costs: 0.005866
Update graph costs: 0.005891
Update graph costs: 0.006436
Update graph costs: 0.005946
Update graph costs: 0.004792
Update graph costs: 0.00588
No. 9 mergers cost: 2.60022
No. 9 avg. cost: 0.325028


Update graph costs: 0.005381
Update graph costs: 0.004797
Update graph costs: 0.004814
Update graph costs: 0.005379
Update graph costs: 0.004818
Update graph costs: 0.004837
No. 10 mergers cost: 2.34935
No. 10 avg. cost: 0.335621


Update graph costs: 0.005875
Update graph costs: 0.004767
Update graph costs: 0.004735
Update graph costs: 0.005355
Update graph costs: 0.004752
Update graph costs: 0.004755
No. 11 mergers cost: 1.99576
No. 11 avg. cost: 0.332627


Update graph costs: 0.005352
Update graph costs: 0.005354
Update graph costs: 0.005921
Update graph costs: 0.005322
Update graph costs: 0.005356
No. 12 mergers cost: 2.24602
No. 12 avg. cost: 0.449204


Update graph costs: 0.004813
Update graph costs: 0.005395
Update graph costs: 0.004836
Update graph costs: 0.004789
No. 13 mergers cost: 1.59941
No. 13 avg. cost: 0.399852


Update graph costs: 0.005357
Update graph costs: 0.004752
Update graph costs: 0.004751
No. 14 mergers cost: 1.13386
No. 14 avg. cost: 0.377953


Update graph costs: 0.005307
Update graph costs: 0.005357
No. 15 mergers cost: 0.667973
No. 15 avg. cost: 0.333986


Update graph costs: 0.004715
No. 16 mergers cost: 0.40082
No. 16 avg. cost: 0.40082


1000000 32
Total time cost: 50.6941 seconds

========================================
TIMING RESULTS (No-HDD version):
========================================
Total HDD time: 0 seconds
Total Building time: 0.605677 seconds
Total Merge time: 47.5192 seconds
Total ANNS time: 50.6941 seconds
========================================

Timing results saved to ../results/1000000_k32_s18_NoHDD.txt
