Building shards costs: 0.680979
Update graph costs: 0.004838
Update graph costs: 0.004678
Update graph costs: 0.005131
Update graph costs: 0.004856
Update graph costs: 0.004692
Update graph costs: 0.005128
Update graph costs: 0.004237
Update graph costs: 0.004674
Update graph costs: 0.004657
Update graph costs: 0.004679
Update graph costs: 0.004266
Update graph costs: 0.005118
Update graph costs: 0.004191
Update graph costs: 0.004732
Update graph costs: 0.004731
Update graph costs: 0.004759
Update graph costs: 0.004211
Update graph costs: 0.005123
Update graph costs: 0.004582
Update graph costs: 0.004713
Update graph costs: 0.004208
Update graph costs: 0.00516
Update graph costs: 0.004664
Update graph costs: 0.004193
Update graph costs: 0.00465
Update graph costs: 0.004674
Update graph costs: 0.004686
Update graph costs: 0.004176
Update graph costs: 0.004208
Update graph costs: 0.005243
Update graph costs: 0.004194
Update graph costs: 0.004205
Update graph costs: 0.005138
Update graph costs: 0.004819
Update graph costs: 0.004656
Update graph costs: 0.004261
Update graph costs: 0.005125
Update graph costs: 0.004948
Update graph costs: 0.00419
Update graph costs: 0.004737
Update graph costs: 0.004669
Update graph costs: 0.00419
Update graph costs: 0.004772
No. 0 mergers cost: 7.01223
No. 0 avg. cost: 0.350611


Update graph costs: 0.004214
Update graph costs: 0.004245
Update graph costs: 0.004236
Update graph costs: 0.004205
Update graph costs: 0.004665
Update graph costs: 0.004669
Update graph costs: 0.00484
Update graph costs: 0.004669
Update graph costs: 0.005424
Update graph costs: 0.005501
Update graph costs: 0.004173
Update graph costs: 0.004206
Update graph costs: 0.004923
No. 2 mergers cost: 5.04896
No. 2 avg. cost: 0.280498


Update graph costs: 0.004202
No. 1 mergers cost: 7.25891
No. 1 avg. cost: 0.382048


Update graph costs: 0.004674
Update graph costs: 0.004671
Update graph costs: 0.005135
Update graph costs: 0.004696
Update graph costs: 0.004665
Update graph costs: 0.005109
Update graph costs: 0.004238
Update graph costs: 0.004688
Update graph costs: 0.00481
Update graph costs: 0.004736
Update graph costs: 0.004263
Update graph costs: 0.004255
Update graph costs: 0.005123
Update graph costs: 0.005875
Update graph costs: 0.006446
Update graph costs: 0.004237
Update graph costs: 0.004666
Update graph costs: 0.00426
Update graph costs: 0.004674
Update graph costs: 0.004767
Update graph costs: 0.004606
Update graph costs: 0.005132
Update graph costs: 0.005909
Update graph costs: 0.004184
Update graph costs: 0.004253
Update graph costs: 0.004174
Update graph costs: 0.005147
Update graph costs: 0.004319
Update graph costs: 0.004774
Update graph costs: 0.005118
Update graph costs: 0.004734
Update graph costs: 0.004233
Update graph costs: 0.004659
Update graph costs: 0.004914
Update graph costs: 0.004166
Update graph costs: 0.00536
Update graph costs: 0.005837
No. 3 mergers cost: 6.02094
No. 3 avg. cost: 0.354173


Update graph costs: 0.004676
Update graph costs: 0.004281
Update graph costs: 0.004211
Update graph costs: 0.004224
Update graph costs: 0.004467
No. 4 mergers cost: 4.57085
No. 4 avg. cost: 0.285678


Update graph costs: 0.004179
Update graph costs: 0.004639
Update graph costs: 0.004651
Update graph costs: 0.004745
Update graph costs: 0.004172
Update graph costs: 0.004901
No. 5 mergers cost: 4.33681
No. 5 avg. cost: 0.289121


Update graph costs: 0.004647
Update graph costs: 0.004694
Update graph costs: 0.00511
Update graph costs: 0.004689
Update graph costs: 0.004734
Update graph costs: 0.005592
Update graph costs: 0.004684
Update graph costs: 0.004157
Update graph costs: 0.004701
Update graph costs: 0.004663
Update graph costs: 0.004669
Update graph costs: 0.004165
Update graph costs: 0.004213
Update graph costs: 0.005146
Update graph costs: 0.004645
Update graph costs: 0.005173
Update graph costs: 0.00495
Update graph costs: 0.006018
Update graph costs: 0.006478
Update graph costs: 0.00426
Update graph costs: 0.004658
Update graph costs: 0.004738
Update graph costs: 0.004659
Update graph costs: 0.004712
No. 6 mergers cost: 4.67349
No. 6 avg. cost: 0.33382


Update graph costs: 0.004244
Update graph costs: 0.004832
Update graph costs: 0.004172
Update graph costs: 0.004646
Update graph costs: 0.00465
Update graph costs: 0.004226
Update graph costs: 0.004204
Update graph costs: 0.004195
No. 7 mergers cost: 3.82632
No. 7 avg. cost: 0.294333


Update graph costs: 0.004202
Update graph costs: 0.004178
Update graph costs: 0.004661
Update graph costs: 0.004652
Update graph costs: 0.004738
Update graph costs: 0.004154
Update graph costs: 0.004902
No. 8 mergers cost: 4.2893
No. 8 avg. cost: 0.357442


Update graph costs: 0.004682
Update graph costs: 0.004763
Update graph costs: 0.005109
Update graph costs: 0.004706
Update graph costs: 0.004689
Update graph costs: 0.004674
Update graph costs: 0.004169
Update graph costs: 0.005125
Update graph costs: 0.004674
Update graph costs: 0.005252
Update graph costs: 0.006388
Update graph costs: 0.0042
Update graph costs: 0.005143
Update graph costs: 0.004263
Update graph costs: 0.004667
Update graph costs: 0.004676
Update graph costs: 0.004766
No. 9 mergers cost: 3.93359
No. 9 avg. cost: 0.357599


Update graph costs: 0.004883
Update graph costs: 0.004624
Update graph costs: 0.004675
Update graph costs: 0.004148
Update graph costs: 0.004243
Update graph costs: 0.004216
Update graph costs: 0.004208
No. 10 mergers cost: 3.02123
No. 10 avg. cost: 0.302123


Update graph costs: 0.004164
Update graph costs: 0.004644
Update graph costs: 0.004647
Update graph costs: 0.00472
Update graph costs: 0.004154
Update graph costs: 0.004881
No. 11 mergers cost: 2.71684
No. 11 avg. cost: 0.301872


Update graph costs: 0.004652
Update graph costs: 0.004661
Update graph costs: 0.004661
Update graph costs: 0.005124
Update graph costs: 0.005143
Update graph costs: 0.005113
Update graph costs: 0.004878
Update graph costs: 0.004651
Update graph costs: 0.004992
Update graph costs: 0.004718
No. 12 mergers cost: 2.7325
No. 12 avg. cost: 0.341562


Update graph costs: 0.005392
Update graph costs: 0.005569
Update graph costs: 0.005369
Update graph costs: 0.004955
Update graph costs: 0.004919
No. 13 mergers cost: 1.98271
No. 13 avg. cost: 0.283245


Update graph costs: 0.004174
Update graph costs: 0.004674
Update graph costs: 0.004703
Update graph costs: 0.004785
Update graph costs: 0.004213
Update graph costs: 0.00496
No. 14 mergers cost: 1.88861
No. 14 avg. cost: 0.314769


Update graph costs: 0.004584
Update graph costs: 0.00468
Update graph costs: 0.004675
Update graph costs: 0.004215
Update graph costs: 0.004287
No. 15 mergers cost: 1.70224
No. 15 avg. cost: 0.340448


Update graph costs: 0.005261
Update graph costs: 0.005102
Update graph costs: 0.004641
Update graph costs: 0.004633
No. 16 mergers cost: 1.54886
No. 16 avg. cost: 0.387215


Update graph costs: 0.005173
Update graph costs: 0.004614
Update graph costs: 0.005402
No. 17 mergers cost: 1.27094
No. 17 avg. cost: 0.423646


Update graph costs: 0.004588
Update graph costs: 0.004705
No. 18 mergers cost: 0.659892
No. 18 avg. cost: 0.329946


Update graph costs: 0.004844
No. 19 mergers cost: 0.344233
No. 19 avg. cost: 0.344233


1000000 32
Total time cost: 59.5575 seconds

========================================
TIMING RESULTS (No-HDD version):
========================================
Total HDD time: 0 seconds
Total Building time: 0.680979 seconds
Total Merge time: 56.1119 seconds
Total ANNS time: 59.5575 seconds
========================================

Timing results saved to ../results/1000000_k32_s21_NoHDD.txt
