Building shards costs: 0.900409
Update graph costs: 0.003498
Update graph costs: 0.004127
Update graph costs: 0.004851
Update graph costs: 0.003821
Update graph costs: 0.003436
Update graph costs: 0.003966
Update graph costs: 0.003873
Update graph costs: 0.003124
Update graph costs: 0.003445
Update graph costs: 0.003525
Update graph costs: 0.004702
Update graph costs: 0.003189
Update graph costs: 0.003464
Update graph costs: 0.003116
Update graph costs: 0.003573
Update graph costs: 0.00412
Update graph costs: 0.003137
Update graph costs: 0.003722
Update graph costs: 0.003105
Update graph costs: 0.003817
Update graph costs: 0.003367
Update graph costs: 0.003452
Update graph costs: 0.003421
Update graph costs: 0.003045
Update graph costs: 0.003152
Update graph costs: 0.003732
Update graph costs: 0.003058
Update graph costs: 0.003174
Update graph costs: 0.003812
Update graph costs: 0.00348
Update graph costs: 0.003512
Update graph costs: 0.003992
Update graph costs: 0.003048
Update graph costs: 0.003115
Update graph costs: 0.003063
Update graph costs: 0.003725
Update graph costs: 0.003117
Update graph costs: 0.005065
Update graph costs: 0.003563
Update graph costs: 0.003455
Update graph costs: 0.003096
Update graph costs: 0.003538
Update graph costs: 0.003124
Update graph costs: 0.003071
Update graph costs: 0.004358
Update graph costs: 0.00312
Update graph costs: 0.003444
Update graph costs: 0.00392
Update graph costs: 0.00342
Update graph costs: 0.003776
Update graph costs: 0.003113
Update graph costs: 0.003411
Update graph costs: 0.003032
Update graph costs: 0.003736
Update graph costs: 0.003109
Update graph costs: 0.003414
Update graph costs: 0.003879
Update graph costs: 0.003409
Update graph costs: 0.003059
Update graph costs: 0.003523
Update graph costs: 0.003111
Update graph costs: 0.003029
Update graph costs: 0.004392
Update graph costs: 0.003101
Update graph costs: 0.003363
Update graph costs: 0.003809
Update graph costs: 0.003421
Update graph costs: 0.003034
Update graph costs: 0.004643
No. 0 mergers cost: 9.44127
No. 0 avg. cost: 0.325561


Update graph costs: 0.003106
Update graph costs: 0.003035
Update graph costs: 0.003134
Update graph costs: 0.003381
Update graph costs: 0.003414
Update graph costs: 0.003026
Update graph costs: 0.003119
Update graph costs: 0.003067
Update graph costs: 0.003115
No. 1 mergers cost: 8.69065
No. 1 avg. cost: 0.31038


Update graph costs: 0.003378
Update graph costs: 0.003069
Update graph costs: 0.003044
Update graph costs: 0.003377
Update graph costs: 0.003064
Update graph costs: 0.003031
No. 2 mergers cost: 8.45458
No. 2 avg. cost: 0.313133


Update graph costs: 0.00409
Update graph costs: 0.003749
Update graph costs: 0.004239
Update graph costs: 0.004123
Update graph costs: 0.003714
Update graph costs: 0.004992
Update graph costs: 0.003751
Update graph costs: 0.003061
Update graph costs: 0.003812
Update graph costs: 0.004019
Update graph costs: 0.003472
Update graph costs: 0.004097
Update graph costs: 0.003124
Update graph costs: 0.003703
Update graph costs: 0.003107
Update graph costs: 0.00402
Update graph costs: 0.004794
Update graph costs: 0.005573
Update graph costs: 0.003141
Update graph costs: 0.004449
Update graph costs: 0.00343
Update graph costs: 0.004008
Update graph costs: 0.003063
Update graph costs: 0.003189
Update graph costs: 0.005406
Update graph costs: 0.003067
Update graph costs: 0.003525
Update graph costs: 0.00358
Update graph costs: 0.00375
Update graph costs: 0.003133
Update graph costs: 0.003104
Update graph costs: 0.004678
Update graph costs: 0.003084
Update graph costs: 0.003103
Update graph costs: 0.004149
Update graph costs: 0.003457
Update graph costs: 0.00344
Update graph costs: 0.003684
Update graph costs: 0.003815
Update graph costs: 0.003999
Update graph costs: 0.0031
Update graph costs: 0.003073
Update graph costs: 0.004117
Update graph costs: 0.003432
Update graph costs: 0.00311
Update graph costs: 0.003799
Update graph costs: 0.003062
Update graph costs: 0.003423
Update graph costs: 0.004725
Update graph costs: 0.003052
Update graph costs: 0.004116
Update graph costs: 0.003087
Update graph costs: 0.003398
Update graph costs: 0.004924
No. 3 mergers cost: 7.84379
No. 3 avg. cost: 0.301684


Update graph costs: 0.003061
Update graph costs: 0.003114
Update graph costs: 0.003056
Update graph costs: 0.003399
Update graph costs: 0.003408
Update graph costs: 0.003052
Update graph costs: 0.003099
Update graph costs: 0.003063
Update graph costs: 0.0031
Update graph costs: 0.003381
Update graph costs: 0.003454
Update graph costs: 0.003055
Update graph costs: 0.003062
Update graph costs: 0.003102
Update graph costs: 0.003386
Update graph costs: 0.003097
Update graph costs: 0.003084
Update graph costs: 0.003417
Update graph costs: 0.003056
No. 5 mergers cost: 6.70707
No. 5 avg. cost: 0.279461


Update graph costs: 0.003089
Update graph costs: 0.003118
No. 4 mergers cost: 9.40246
No. 4 avg. cost: 0.376098


Update graph costs: 0.003805
Update graph costs: 0.003455
Update graph costs: 0.004815
Update graph costs: 0.003473
Update graph costs: 0.003409
Update graph costs: 0.003715
Update graph costs: 0.003839
Update graph costs: 0.003413
Update graph costs: 0.003147
Update graph costs: 0.003725
Update graph costs: 0.003522
Update graph costs: 0.003798
Update graph costs: 0.003196
Update graph costs: 0.003956
Update graph costs: 0.003233
Update graph costs: 0.003727
Update graph costs: 0.00359
Update graph costs: 0.005089
Update graph costs: 0.003185
Update graph costs: 0.003496
Update graph costs: 0.003137
Update graph costs: 0.004379
Update graph costs: 0.003476
Update graph costs: 0.003481
Update graph costs: 0.003876
Update graph costs: 0.003089
Update graph costs: 0.003137
Update graph costs: 0.003403
Update graph costs: 0.003048
Update graph costs: 0.003147
Update graph costs: 0.003417
Update graph costs: 0.003723
Update graph costs: 0.004429
Update graph costs: 0.004679
Update graph costs: 0.003629
Update graph costs: 0.003291
Update graph costs: 0.003577
Update graph costs: 0.003515
Update graph costs: 0.003391
Update graph costs: 0.004396
Update graph costs: 0.003151
Update graph costs: 0.003021
Update graph costs: 0.003826
Update graph costs: 0.003473
Update graph costs: 0.003019
Update graph costs: 0.004618
No. 6 mergers cost: 6.37659
No. 6 avg. cost: 0.277243


Update graph costs: 0.003351
Update graph costs: 0.003252
Update graph costs: 0.003025
Update graph costs: 0.00316
Update graph costs: 0.003012
Update graph costs: 0.003473
Update graph costs: 0.003353
Update graph costs: 0.00316
Update graph costs: 0.003015
Update graph costs: 0.003159
Update graph costs: 0.00302
Update graph costs: 0.003477
Update graph costs: 0.00335
Update graph costs: 0.003166
Update graph costs: 0.003016
Update graph costs: 0.003154
No. 7 mergers cost: 6.58898
No. 7 avg. cost: 0.299499


Update graph costs: 0.003017
Update graph costs: 0.00334
Update graph costs: 0.003005
Update graph costs: 0.003012
No. 8 mergers cost: 5.36304
No. 8 avg. cost: 0.255383


Update graph costs: 0.00405
Update graph costs: 0.004071
Update graph costs: 0.004403
Update graph costs: 0.004467
Update graph costs: 0.004082
Update graph costs: 0.004356
Update graph costs: 0.003188
Update graph costs: 0.004505
Update graph costs: 0.00359
Update graph costs: 0.004587
Update graph costs: 0.003142
Update graph costs: 0.003158
Update graph costs: 0.004371
Update graph costs: 0.003499
Update graph costs: 0.005643
Update graph costs: 0.003152
Update graph costs: 0.004145
Update graph costs: 0.003162
Update graph costs: 0.003477
Update graph costs: 0.003451
Update graph costs: 0.00506
Update graph costs: 0.003178
Update graph costs: 0.00384
Update graph costs: 0.004544
Update graph costs: 0.003181
Update graph costs: 0.00308
Update graph costs: 0.004062
Update graph costs: 0.003465
Update graph costs: 0.003473
Update graph costs: 0.003191
Update graph costs: 0.003285
Update graph costs: 0.004998
Update graph costs: 0.003173
Update graph costs: 0.004496
Update graph costs: 0.003228
Update graph costs: 0.003474
Update graph costs: 0.003425
Update graph costs: 0.004215
Update graph costs: 0.003155
Update graph costs: 0.003084
Update graph costs: 0.005068
Update graph costs: 0.003164
Update graph costs: 0.003099
Update graph costs: 0.004898
Update graph costs: 0.003996
Update graph costs: 0.003157
Update graph costs: 0.003433
Update graph costs: 0.0053
No. 9 mergers cost: 7.23792
No. 9 avg. cost: 0.361896


Update graph costs: 0.003155
No. 10 mergers cost: 5.4036
No. 10 avg. cost: 0.2844


Update graph costs: 0.003067
Update graph costs: 0.003116
Update graph costs: 0.00343
Update graph costs: 0.003117
Update graph costs: 0.0031
Update graph costs: 0.003421
Update graph costs: 0.003107
Update graph costs: 0.003075
No. 11 mergers cost: 5.52596
No. 11 avg. cost: 0.306998


Update graph costs: 0.003751
Update graph costs: 0.003425
Update graph costs: 0.003708
Update graph costs: 0.003778
Update graph costs: 0.003927
Update graph costs: 0.003721
Update graph costs: 0.005074
Update graph costs: 0.003099
Update graph costs: 0.003504
Update graph costs: 0.003456
Update graph costs: 0.004369
Update graph costs: 0.003128
Update graph costs: 0.003878
Update graph costs: 0.003109
Update graph costs: 0.003377
Update graph costs: 0.003434
Update graph costs: 0.003714
Update graph costs: 0.00311
Update graph costs: 0.003845
Update graph costs: 0.003509
Update graph costs: 0.003375
Update graph costs: 0.003106
Update graph costs: 0.00441
Update graph costs: 0.003059
Update graph costs: 0.003383
Update graph costs: 0.003826
Update graph costs: 0.003061
Update graph costs: 0.003104
Update graph costs: 0.004684
No. 12 mergers cost: 5.12192
No. 12 avg. cost: 0.301289


Update graph costs: 0.003374
Update graph costs: 0.003131
Update graph costs: 0.00307
Update graph costs: 0.003452
Update graph costs: 0.003042
Update graph costs: 0.003113
Update graph costs: 0.003385
Update graph costs: 0.003193
Update graph costs: 0.003059
Update graph costs: 0.003423
Update graph costs: 0.003073
Update graph costs: 0.003112
Update graph costs: 0.003373
Update graph costs: 0.003123
No. 13 mergers cost: 5.24467
No. 13 avg. cost: 0.327792


Update graph costs: 0.003072
Update graph costs: 0.003059
Update graph costs: 0.003381
Update graph costs: 0.003074
Update graph costs: 0.003036
No. 14 mergers cost: 4.55892
No. 14 avg. cost: 0.303928


Update graph costs: 0.003778
Update graph costs: 0.003911
Update graph costs: 0.003757
Update graph costs: 0.005157
Update graph costs: 0.003493
Update graph costs: 0.004422
Update graph costs: 0.00391
Update graph costs: 0.003411
Update graph costs: 0.003101
Update graph costs: 0.003726
Update graph costs: 0.003875
Update graph costs: 0.003457
Update graph costs: 0.003523
Update graph costs: 0.003139
Update graph costs: 0.004393
Update graph costs: 0.003825
Update graph costs: 0.003148
Update graph costs: 0.004631
No. 15 mergers cost: 3.66177
No. 15 avg. cost: 0.261555


Update graph costs: 0.003436
Update graph costs: 0.003118
Update graph costs: 0.003329
Update graph costs: 0.003146
Update graph costs: 0.003025
Update graph costs: 0.003449
Update graph costs: 0.003027
Update graph costs: 0.003138
Update graph costs: 0.003369
Update graph costs: 0.003126
Update graph costs: 0.003456
Update graph costs: 0.003024
Update graph costs: 0.003137
Update graph costs: 0.003007
Update graph costs: 0.003124
No. 16 mergers cost: 4.35369
No. 16 avg. cost: 0.334899


Update graph costs: 0.003352
Update graph costs: 0.003046
Update graph costs: 0.003036
Update graph costs: 0.003353
Update graph costs: 0.003027
Update graph costs: 0.003013
No. 17 mergers cost: 3.94422
No. 17 avg. cost: 0.328685


Update graph costs: 0.005043
Update graph costs: 0.003485
Update graph costs: 0.004365
Update graph costs: 0.003909
Update graph costs: 0.003395
Update graph costs: 0.003732
Update graph costs: 0.003831
Update graph costs: 0.003066
Update graph costs: 0.003509
Update graph costs: 0.003423
Update graph costs: 0.004367
Update graph costs: 0.003129
Update graph costs: 0.00377
Update graph costs: 0.003132
Update graph costs: 0.00343
Update graph costs: 0.004583
No. 18 mergers cost: 3.49263
No. 18 avg. cost: 0.317512


Update graph costs: 0.003086
Update graph costs: 0.003103
Update graph costs: 0.003403
Update graph costs: 0.003103
Update graph costs: 0.00333
Update graph costs: 0.003107
No. 19 mergers cost: 2.68865
No. 19 avg. cost: 0.268865


Update graph costs: 0.003033
Update graph costs: 0.00302
Update graph costs: 0.003358
Update graph costs: 0.003027
Update graph costs: 0.003068
Update graph costs: 0.003345
Update graph costs: 0.003022
Update graph costs: 0.003014
No. 20 mergers cost: 3.26227
No. 20 avg. cost: 0.362475


Update graph costs: 0.004917
Update graph costs: 0.004495
Update graph costs: 0.004758
Update graph costs: 0.004898
Update graph costs: 0.004597
Update graph costs: 0.005428
Update graph costs: 0.003093
Update graph costs: 0.004851
Update graph costs: 0.003476
Update graph costs: 0.00567
No. 21 mergers cost: 2.81578
No. 21 avg. cost: 0.351972


Update graph costs: 0.003112
Update graph costs: 0.003123
Update graph costs: 0.003436
Update graph costs: 0.003138
Update graph costs: 0.003124
No. 22 mergers cost: 2.31486
No. 22 avg. cost: 0.330695


Update graph costs: 0.003282
Update graph costs: 0.003006
Update graph costs: 0.003044
Update graph costs: 0.003382
Update graph costs: 0.003013
Update graph costs: 0.003012
No. 23 mergers cost: 1.73312
No. 23 avg. cost: 0.288853


Update graph costs: 0.003801
Update graph costs: 0.003551
Update graph costs: 0.004415
Update graph costs: 0.003874
Update graph costs: 0.004631
No. 24 mergers cost: 1.45881
No. 24 avg. cost: 0.291761


Update graph costs: 0.003062
Update graph costs: 0.003416
Update graph costs: 0.003071
Update graph costs: 0.003084
No. 25 mergers cost: 1.05033
No. 25 avg. cost: 0.262583


Update graph costs: 0.003338
Update graph costs: 0.003034
Update graph costs: 0.003016
No. 26 mergers cost: 0.899309
No. 26 avg. cost: 0.29977


Update graph costs: 0.004073
Update graph costs: 0.00485
No. 27 mergers cost: 0.543717
No. 27 avg. cost: 0.271859


Update graph costs: 0.002977
No. 28 mergers cost: 0.302046
No. 28 avg. cost: 0.302046


1000000 32
Total time cost: 96.0525 seconds

========================================
TIMING RESULTS (No-HDD version):
========================================
Total HDD time: 0 seconds
Total Building time: 0.900409 seconds
Total Merge time: 92.5549 seconds
Total ANNS time: 96.0525 seconds
========================================

Timing results saved to ../results/1000000_k32_s30_NoHDD.txt
