Building shards costs: 0.555943
Update graph costs: 0.006362
Update graph costs: 0.00635
Update graph costs: 0.007037
Update graph costs: 0.006383
Update graph costs: 0.006427
Update graph costs: 0.007189
Update graph costs: 0.005818
Update graph costs: 0.007272
Update graph costs: 0.008114
Update graph costs: 0.005857
Update graph costs: 0.007193
Update graph costs: 0.005808
Update graph costs: 0.007065
Update graph costs: 0.006485
Update graph costs: 0.006362
Update graph costs: 0.007301
Update graph costs: 0.008705
Update graph costs: 0.0064
Update graph costs: 0.00573
Update graph costs: 0.00679
Update graph costs: 0.007754
Update graph costs: 0.005717
Update graph costs: 0.006365
Update graph costs: 0.006431
Update graph costs: 0.006368
Update graph costs: 0.00579
Update graph costs: 0.006562
No. 0 mergers cost: 5.95296
No. 0 avg. cost: 0.425212


Update graph costs: 0.005717
Update graph costs: 0.005932
Update graph costs: 0.006462
Update graph costs: 0.005733
Update graph costs: 0.005929
Update graph costs: 0.006399
Update graph costs: 0.00583
No. 1 mergers cost: 5.45681
No. 1 avg. cost: 0.419754


Update graph costs: 0.005713
Update graph costs: 0.005689
Update graph costs: 0.006405
Update graph costs: 0.005743
Update graph costs: 0.005718
No. 2 mergers cost: 5.63984
No. 2 avg. cost: 0.469987


Update graph costs: 0.006377
Update graph costs: 0.006406
Update graph costs: 0.007188
Update graph costs: 0.006372
Update graph costs: 0.006403
Update graph costs: 0.007144
Update graph costs: 0.005807
Update graph costs: 0.006403
Update graph costs: 0.006503
Update graph costs: 0.006404
Update graph costs: 0.00588
Update graph costs: 0.007761
Update graph costs: 0.006784
Update graph costs: 0.006408
Update graph costs: 0.006515
Update graph costs: 0.006489
No. 3 mergers cost: 3.93656
No. 3 avg. cost: 0.357869


Update graph costs: 0.005813
Update graph costs: 0.006366
Update graph costs: 0.00584
Update graph costs: 0.005661
Update graph costs: 0.006478
Update graph costs: 0.005936
Update graph costs: 0.005735
Update graph costs: 0.005849
No. 4 mergers cost: 3.42489
No. 4 avg. cost: 0.342489


Update graph costs: 0.006409
Update graph costs: 0.005699
Update graph costs: 0.005691
Update graph costs: 0.006428
Update graph costs: 0.005696
Update graph costs: 0.005675
No. 5 mergers cost: 3.36824
No. 5 avg. cost: 0.374249


Update graph costs: 0.006479
Update graph costs: 0.006525
Update graph costs: 0.007175
Update graph costs: 0.006502
Update graph costs: 0.006517
Update graph costs: 0.006752
Update graph costs: 0.007876
Update graph costs: 0.006508
Update graph costs: 0.006501
Update graph costs: 0.005813
Update graph costs: 0.006605
No. 6 mergers cost: 3.2744
No. 6 avg. cost: 0.409301


Update graph costs: 0.005818
Update graph costs: 0.006501
Update graph costs: 0.005948
Update graph costs: 0.006388
Update graph costs: 0.005852
No. 7 mergers cost: 2.74763
No. 7 avg. cost: 0.392519


Update graph costs: 0.005655
Update graph costs: 0.005662
Update graph costs: 0.006387
Update graph costs: 0.005705
Update graph costs: 0.005698
No. 8 mergers cost: 2.56613
No. 8 avg. cost: 0.427688


Update graph costs: 0.006289
Update graph costs: 0.006336
Update graph costs: 0.007701
Update graph costs: 0.006364
Update graph costs: 0.006515
No. 9 mergers cost: 2.16287
No. 9 avg. cost: 0.432575


Update graph costs: 0.00577
Update graph costs: 0.006508
Update graph costs: 0.005902
Update graph costs: 0.005858
No. 10 mergers cost: 1.89277
No. 10 avg. cost: 0.473192


Update graph costs: 0.006418
Update graph costs: 0.005677
Update graph costs: 0.005674
No. 11 mergers cost: 1.26308
No. 11 avg. cost: 0.421027


Update graph costs: 0.033948
Update graph costs: 0.032658
No. 12 mergers cost: 0.838411
No. 12 avg. cost: 0.419205


Update graph costs: 0.005598
No. 13 mergers cost: 0.392216
No. 13 avg. cost: 0.392216


1000000 32
Total time cost: 42.5274 seconds

========================================
TIMING RESULTS (No-HDD version):
========================================
Total HDD time: 0 seconds
Total Building time: 0.555943 seconds
Total Merge time: 39.2347 seconds
Total ANNS time: 42.5274 seconds
========================================

Timing results saved to ../results/1000000_k32_s15_NoHDD.txt
