✓ CUDA toolkit loaded successfully
nvcc: NVIDIA (R) Cuda compiler driver
✓ Cray MPICH loaded successfully
Environment setup complete!
=========================================
Starting NON-DETERMINISTIC NO-HDD FULL execution (build + merge in memory)
Starting execution at: Wed Jan 28 10:51:54 PM UTC 2026
=========================================
SHARDS SET TO 3.
N SET TO 20000000.
MODE SET TO full.
Setting up db_size = 20000000
GPU 0: db_size = 20000000
GPU 1: db_size = 20000000
GPU 2: db_size = 20000000
Loading data from: ../../shared_data/vectors.fvecs
Loading all vector data into memory (parallel mode)...
Loading shard 0: position=0, count=6666666
Loading shard 1: position=6666666, count=6666666
Loading shard 2: position=13333332, count=6666668
Successfully loaded shard 1
Successfully loaded shard 0
Successfully loaded shard 2
All vector data loaded successfully (parallel)
Successfully loaded 20000000 vectors of dimension 12 into 3 shards
Data path: ../../shared_data/vectors
Total vecs num: 20000000
Shards num: 3
Max vecs num. per shard: 10000000
Vecs num. per shard: 6666666
Vecs num. of last shard: 6666668
Vector data loaded for 3 shards
Local KNN graphs stored for 0 shards
Global KNN graphs stored for 0 shards
-> 20000000
Iniciou?GPU 0 is activated
GPU 1 is activated
GPU 2 is activated
Building No. 1
Building No. 2
Building No. 0
End building No.2 in 5.18419 seconds
End building No.0 in 5.2522 seconds
End building No.1 in 5.26031 seconds
Stored local KNN graph for shard 2
Stored global KNN graph for shard 2
Stored local KNN graph for shard 0
Stored global KNN graph for shard 0
Stored local KNN graph for shard 1
Stored global KNN graph for shard 1

Iniciando o merge
Shard 0 foi ativado e ira comecar
END para 0 -> 22813467182880 

Shard 0 foi read e ira comecar
Merge costs: J = 1 I = 0 23.1756
Merge costs: J = 2 I = 0 23.822
All merges completed in main loop - skipping final merge
Writing final merged KNN graphs to disk...
Writing all global KNN graphs to file: ../results/NNDescent-KNNG.kgraph
Na hora de criar o grafo: NUM: 20000000 e DIM = 32
SIZET = 5280000000
Writing shard 0 to position 0 with 6666666 vectors
Writing shard 1 to position 6666666 with 6666666 vectors
Writing shard 2 to position 13333332 with 6666668 vectors
Successfully wrote all global KNN graphs to file
Final merged graphs written to: ../results/NNDescent-KNNG.kgraph
Time cost = 70.016960 
=========================================
Execution finished at: Wed Jan 28 10:54:27 PM UTC 2026
Total time elapsed: 2 minutes 33 seconds
=========================================
