Loading python/3.11.6--gcc--8.5.0
  Loading requirement: bzip2/1.0.8-gp5wcz5 libmd/1.0.4-wja3f5q
    libbsd/0.11.7-cgxjopl expat/2.5.0-bptl3xw ncurses/6.4-asx3jea
    readline/8.2-nyw6mp6 gdbm/1.23-fs6otck libiconv/1.17-d7yvx2s
    xz/5.4.1-hubmwr5 zlib-ng/2.1.4-6htiapk libxml2/2.10.3-5eeeokp
    pigz/2.7-bopr5vp zstd/1.5.5-gawytfl tar/1.34-amqus5s gettext/0.22.3-2g7elif
    libffi/3.4.4-6r7brdq libxcrypt/4.4.35-ss2rzin sqlite/3.43.2
    util-linux-uuid/2.38.1-jkdi7kv
=========================================
Starting NON-DETERMINISTIC No-HDD FULL execution (build + merge in memory)
Starting execution at: Thu Jan 22 02:33:09 CET 2026
Dataset: SIFT-1M (1,000,000 vectors, D=128, K=32)
Shards: 3 (matching 3 GPUs)
=========================================
SHARDS SET TO 3.
N SET TO 1000000.
MODE SET TO full.
Setting up db_size = 1000000
GPU 0: db_size = 1000000
GPU 1: db_size = 1000000
GPU 2: db_size = 1000000
Loading data from: ../data/vectors.fvecs
Loading all vector data into memory (parallel mode)...
Loading shard 2: position=666666, count=333334
Loading shard 1: position=333333, count=333333
Loading shard 0: position=0, count=333333
Successfully loaded shard 2
Successfully loaded shard 1
Successfully loaded shard 0
All vector data loaded successfully (parallel)
Successfully loaded 1000000 vectors of dimension 12 into 3 shards
Data path: ../data/vectors
Total vecs num: 1000000
Shards num: 3
Max vecs num. per shard: 10000000
Vecs num. per shard: 333333
Vecs num. of last shard: 333334
Vector data loaded for 3 shards
Local KNN graphs stored for 0 shards
Global KNN graphs stored for 0 shards
-> 1000000
Iniciou?GPU 2 is activated
Building No. 2
GPU 1 is activated
Building No. 1
GPU 0 is activated
Building No. 0
End building No.2 in 0.496752 seconds
End building No.0 in 0.489979 seconds
End building No.1 in 0.510531 seconds
Stored local KNN graph for shard 0
Stored global KNN graph for shard 0
Stored local KNN graph for shard 2
Stored global KNN graph for shard 2
Stored local KNN graph for shard 1
Stored global KNN graph for shard 1

Iniciando o merge
Shard 0 foi ativado e ira comecar
END para 0 -> 22613490730880 

Shard 0 foi read e ira comecar
Merge costs: J = 1 I = 0 0.422819
Merge costs: J = 2 I = 0 0.405587
All merges completed in main loop - skipping final merge
Writing final merged KNN graphs to disk...
Writing all global KNN graphs to file: ../results/NNDescent-KNNG.kgraph
Na hora de criar o grafo: NUM: 1000000 e DIM = 32
SIZET = 264000000
Writing shard 0 to position 0 with 333333 vectors
Writing shard 1 to position 333333 with 333333 vectors
Writing shard 2 to position 666666 with 333334 vectors
Successfully wrote all global KNN graphs to file
Final merged graphs written to: ../results/NNDescent-KNNG.kgraph
Time cost = 9.041337 
=========================================
Execution finished at: Thu Jan 22 02:33:23 CET 2026
Total time elapsed: 0 minutes 14 seconds
=========================================
