1000000 32
1000000 32
Start writing thread.............
Start writing thread.............
Start writing thread.............
End writing thread 1 ..............0.661095
End writing thread 0 ..............0.674496
End writing thread 2 ..............0.641747
Building shards costs: 4.1069
Update graph costs: 0.097533
Update graph costs: 0.100085
No. 0 mergers cost: 1.60398
No. 0 avg. cost: 0.801988


Update graph costs: 0.101635
No. 1 mergers cost: 0.937598
No. 1 avg. cost: 0.937598



========================================
TIMING RESULTS (HDD-based version):
========================================
Total HDD time: 2.58267 seconds
Total Building time: 4.1069 seconds
Total Merge time: 6.93836 seconds
Total ANNS time: 13.0754 seconds
========================================

Timing results saved to ../results/1000000_k32_s3.txt
